     1                                  section .text
     2                                  global _start
     3                                  
     4                                  _start:
     5 00000000 E80C000000              	call test
     6 00000005 B801000000              	mov eax,1
     7 0000000A BB0A000000              	mov ebx,10
     8 0000000F CD80                    	int 0x80
     9                                  
    10                                  test:
    11 00000011 E80C000000              	call test2
    12 00000016 B801000000              	mov eax,1
    13 0000001B BB14000000              	mov ebx,20
    14 00000020 CD80                    	int 0x80
    15                                  
    16                                  test2:
    17 00000022 B801000000              	mov eax,1
    18 00000027 83C404                  	add esp,4
    19 0000002A FF2424                  	jmp [esp]
    20 0000002D CD80                    	int 0x80
